<?xml version="1.0" encoding="UTF-8"?>
<!-- Generated by org.testng.reporters.JUnitXMLReporter -->
<testsuite hostname="LAPTOP-BGS5S7GJ" ignored="0" name="android模拟器" tests="6" failures="0" timestamp="19 四月 2020 08:57:10 GMT" time="169.636" errors="0">
  <testcase name="test001_login" time="8.202" classname="com.crazy.mty.tests.MTYTests"/>
  <testcase name="test007_login" time="14.286" classname="com.crazy.mty.tests.MTYTests"/>
  <testcase name="test007_login" time="10.774" classname="com.crazy.mty.tests.MTYTests"/>
  <testcase name="test007_login" time="7.352" classname="com.crazy.mty.tests.MTYTests"/>
  <testcase name="test007_login" time="6.794" classname="com.crazy.mty.tests.MTYTests"/>
  <testcase name="test007_login" time="9.925" classname="com.crazy.mty.tests.MTYTests"/>
</testsuite> <!-- android模拟器 -->
