<?xml version="1.0" encoding="UTF-8"?>
<!-- Generated by org.testng.reporters.JUnitXMLReporter -->
<testsuite hostname="LAPTOP-BGS5S7GJ" ignored="0" name="ios" tests="1" failures="1" timestamp="12 四月 2020 09:05:34 GMT" time="58.148" errors="0">
  <testcase name="test001_login" time="10.44" classname="com.crazy.tests.DouBanTests">
    <failure type="java.lang.NullPointerException">
      <![CDATA[java.lang.NullPointerException
at com.crazy.auto.element.ElementOperate.click(ElementOperate.java:107)
at com.crazy.auto.actions.douban.LoginActions.login(LoginActions.java:21)
at com.crazy.tests.DouBanTests.test001_login(DouBanTests.java:20)
at java.util.concurrent.FutureTask.run(FutureTask.java:266)
at java.util.concurrent.ThreadPoolExecutor.runWorker(ThreadPoolExecutor.java:1142)
at java.util.concurrent.ThreadPoolExecutor$Worker.run(ThreadPoolExecutor.java:617)
at java.lang.Thread.run(Thread.java:745)
... Removed 16 stack frames]]>
    </failure>
  </testcase> <!-- test001_login -->
</testsuite> <!-- ios -->
