<?xml version="1.0" encoding="UTF-8"?>
<!-- Generated by org.testng.reporters.JUnitXMLReporter -->
<testsuite hostname="LAPTOP-BGS5S7GJ" ignored="0" name="mtx商城" tests="6" failures="0" timestamp="03 六月 2020 06:12:19 GMT" time="58.75" errors="0">
  <testcase name="test001_login" time="1.496" classname="com.crazy.tests.MTXCases"/>
  <testcase name="test002_order" time="8.69" classname="com.crazy.tests.MTXCases"/>
  <testcase name="test003_sendGoods" time="11.598" classname="com.crazy.tests.MTXCases"/>
  <testcase name="test004_acceptGoods" time="1.807" classname="com.crazy.tests.MTXCases"/>
  <testcase name="test005_comment" time="5.98" classname="com.crazy.tests.MTXCases"/>
  <testcase name="test006_refund" time="7.196" classname="com.crazy.tests.MTXCases"/>
</testsuite> <!-- mtx商城 -->
