<?xml version="1.0" encoding="UTF-8"?>
<!-- Generated by org.testng.reporters.JUnitXMLReporter -->
<testsuite hostname="LAPTOP-BGS5S7GJ" ignored="0" name="mtx商城火狐" tests="6" failures="0" timestamp="10 五月 2020 03:55:37 GMT" time="8.784" errors="0">
  <testcase name="@BeforeClass start" time="8.55" classname="com.crazy.auto.test.TestBase">
    <failure type="org.openqa.selenium.WebDriverException" message="Reached error page: about:neterror?e=connectionFailure&amp;amp;u=http%3A//localhost/mtx&amp;amp;c=UTF-8&amp;amp;f=regular&amp;amp;d=Firefox%20%E6%97%A0%E6%B3%95%E5%BB%BA%E7%AB%8B%E5%88%B0%20localhost%20%E6%9C%8D%E5%8A%A1%E5%99%A8%E7%9A%84%E8%BF%9E%E6%8E%A5%E3%80%82
Build info: version: &amp;apos;3.141.59&amp;apos;, revision: &amp;apos;e82be7d358&amp;apos;, time: &amp;apos;2018-11-14T08:17:03&amp;apos;
System info: host: &amp;apos;LAPTOP-BGS5S7GJ&amp;apos;, ip: &amp;apos;192.168.99.1&amp;apos;, os.name: &amp;apos;Windows 10&amp;apos;, os.arch: &amp;apos;amd64&amp;apos;, os.version: &amp;apos;10.0&amp;apos;, java.version: &amp;apos;1.8.0_121&amp;apos;
Driver info: org.openqa.selenium.firefox.FirefoxDriver
Capabilities {acceptInsecureCerts: true, browserName: firefox, browserVersion: 75.0, javascriptEnabled: true, moz:accessibilityChecks: false, moz:buildID: 20200403170909, moz:geckodriverVersion: 0.26.0, moz:headless: false, moz:processID: 14588, moz:profile: C:\Users\lixio\AppData\Loca..., moz:shutdownTimeout: 60000, moz:useNonSpecCompliantPointerOrigin: false, moz:webdriverClick: true, pageLoadStrategy: normal, platform: WINDOWS, platformName: WINDOWS, platformVersion: 10.0, rotatable: false, setWindowRect: true, strictFileInteractability: false, timeouts: {implicit: 0, pageLoad: 300000, script: 30000}, unhandledPromptBehavior: dismiss and notify}
Session ID: 96ec4333-7de1-4b0a-8fc5-8554754581f1">
      <![CDATA[org.openqa.selenium.WebDriverException: Reached error page: about:neterror?e=connectionFailure&u=http%3A//localhost/mtx&c=UTF-8&f=regular&d=Firefox%20%E6%97%A0%E6%B3%95%E5%BB%BA%E7%AB%8B%E5%88%B0%20localhost%20%E6%9C%8D%E5%8A%A1%E5%99%A8%E7%9A%84%E8%BF%9E%E6%8E%A5%E3%80%82
Build info: version: '3.141.59', revision: 'e82be7d358', time: '2018-11-14T08:17:03'
System info: host: 'LAPTOP-BGS5S7GJ', ip: '192.168.99.1', os.name: 'Windows 10', os.arch: 'amd64', os.version: '10.0', java.version: '1.8.0_121'
Driver info: org.openqa.selenium.firefox.FirefoxDriver
Capabilities {acceptInsecureCerts: true, browserName: firefox, browserVersion: 75.0, javascriptEnabled: true, moz:accessibilityChecks: false, moz:buildID: 20200403170909, moz:geckodriverVersion: 0.26.0, moz:headless: false, moz:processID: 14588, moz:profile: C:\Users\lixio\AppData\Loca..., moz:shutdownTimeout: 60000, moz:useNonSpecCompliantPointerOrigin: false, moz:webdriverClick: true, pageLoadStrategy: normal, platform: WINDOWS, platformName: WINDOWS, platformVersion: 10.0, rotatable: false, setWindowRect: true, strictFileInteractability: false, timeouts: {implicit: 0, pageLoad: 300000, script: 30000}, unhandledPromptBehavior: dismiss and notify}
Session ID: 96ec4333-7de1-4b0a-8fc5-8554754581f1
at org.openqa.selenium.remote.http.W3CHttpResponseCodec.createException(W3CHttpResponseCodec.java:187)
at org.openqa.selenium.remote.http.W3CHttpResponseCodec.decode(W3CHttpResponseCodec.java:122)
at org.openqa.selenium.remote.http.W3CHttpResponseCodec.decode(W3CHttpResponseCodec.java:49)
at org.openqa.selenium.remote.HttpCommandExecutor.execute(HttpCommandExecutor.java:158)
at org.openqa.selenium.remote.service.DriverCommandExecutor.execute(DriverCommandExecutor.java:83)
at org.openqa.selenium.remote.RemoteWebDriver.execute(RemoteWebDriver.java:552)
at org.openqa.selenium.remote.RemoteWebDriver.get(RemoteWebDriver.java:277)
at com.crazy.auto.driver.DriverBase.get(DriverBase.java:85)
at com.crazy.auto.test.TestBase.start(TestBase.java:37)
at java.util.concurrent.FutureTask.run(FutureTask.java:266)
at java.util.concurrent.ThreadPoolExecutor.runWorker(ThreadPoolExecutor.java:1142)
at java.util.concurrent.ThreadPoolExecutor$Worker.run(ThreadPoolExecutor.java:617)
at java.lang.Thread.run(Thread.java:745)
... Removed 21 stack frames]]>
    </failure>
  </testcase> <!-- @BeforeClass start -->
  <testcase name="@AfterMethod backHome" time="0.0" classname="com.crazy.tests.MTXCases">
    <skipped/>
  </testcase> <!-- @AfterMethod backHome -->
  <testcase name="@AfterMethod backHome" time="0.0" classname="com.crazy.tests.MTXCases">
    <skipped/>
  </testcase> <!-- @AfterMethod backHome -->
  <testcase name="@AfterMethod backHome" time="0.0" classname="com.crazy.tests.MTXCases">
    <skipped/>
  </testcase> <!-- @AfterMethod backHome -->
  <testcase name="@AfterMethod backHome" time="0.0" classname="com.crazy.tests.MTXCases">
    <skipped/>
  </testcase> <!-- @AfterMethod backHome -->
  <testcase name="@AfterMethod backHome" time="0.0" classname="com.crazy.tests.MTXCases">
    <skipped/>
  </testcase> <!-- @AfterMethod backHome -->
  <testcase name="@AfterMethod backHome" time="0.0" classname="com.crazy.tests.MTXCases">
    <skipped/>
  </testcase> <!-- @AfterMethod backHome -->
  <testcase name="@AfterClass tearDown" time="0.0" classname="com.crazy.auto.test.TestBase">
    <skipped/>
  </testcase> <!-- @AfterClass tearDown -->
  <testcase name="test001_login" time="0.0" classname="com.crazy.tests.MTXCases">
    <skipped/>
  </testcase> <!-- test001_login -->
  <testcase name="test002_order" time="0.0" classname="com.crazy.tests.MTXCases">
    <skipped/>
  </testcase> <!-- test002_order -->
  <testcase name="test003_sendGoods" time="0.0" classname="com.crazy.tests.MTXCases">
    <skipped/>
  </testcase> <!-- test003_sendGoods -->
  <testcase name="test004_acceptGoods" time="0.0" classname="com.crazy.tests.MTXCases">
    <skipped/>
  </testcase> <!-- test004_acceptGoods -->
  <testcase name="test005_comment" time="0.0" classname="com.crazy.tests.MTXCases">
    <skipped/>
  </testcase> <!-- test005_comment -->
  <testcase name="test006_refund" time="0.0" classname="com.crazy.tests.MTXCases">
    <skipped/>
  </testcase> <!-- test006_refund -->
</testsuite> <!-- mtx商城火狐 -->
