<?xml version="1.0" encoding="UTF-8"?>
<!-- Generated by org.testng.reporters.JUnitXMLReporter -->
<testsuite hostname="LAPTOP-BGS5S7GJ" ignored="0" name="web和手机混合" tests="1" failures="1" timestamp="19 四月 2020 09:32:54 GMT" time="77.793" errors="0">
  <testcase name="test001_login" time="12.687" classname="com.crazy.tests.DouBanTests">
    <failure type="java.lang.NullPointerException">
      <![CDATA[java.lang.NullPointerException
at com.crazy.auto.element.ElementOperate.click(ElementOperate.java:108)
at com.crazy.auto.actions.douban.LoginActions.login(LoginActions.java:33)
at com.crazy.tests.DouBanTests.test001_login(DouBanTests.java:21)
... Removed 25 stack frames]]>
    </failure>
  </testcase> <!-- test001_login -->
</testsuite> <!-- web和手机混合 -->
